Build started 11/10/2015 6:48:46 PM.
     1>Project "C:\Users\ibeling\Dropbox\current-cs175\asst\asst6_5_material\solution\asst6_5.vcxproj" on node 2 (Rebuild target(s)).
     1>ClCompile:
         C:\Program Files (x86)\Microsoft Visual Studio 14.0\VC\bin\CL.exe /c /Zi /nologo /W3 /WX- /O2 /Oi /Oy- /GL /D WIN32 /D NDEBUG /D _CONSOLE /D _UNICODE /D UNICODE /Gm- /EHsc /MD /GS /Gy /fp:precise /Zc:wchar_t /Zc:forScope /Zc:inline /Fo"Release\\" /Fd"Release\vc140.pdb" /Gd /TP /analyze- /errorReport:prompt asst6_5.cpp geometry.cpp glsupport.cpp material.cpp picker.cpp ppm.cpp renderstates.cpp scenegraph.cpp texture.cpp
         asst6_5.cpp
     1>asst6_5.cpp(1004): warning C4838: conversion from 'const double' to 'float' requires a narrowing conversion
     1>asst6_5.cpp(1024): warning C4838: conversion from 'double' to 'float' requires a narrowing conversion
     1>asst6_5.cpp(1024): warning C4838: conversion from 'const double' to 'float' requires a narrowing conversion
         geometry.cpp
         glsupport.cpp
         material.cpp
         picker.cpp
         ppm.cpp
         renderstates.cpp
         scenegraph.cpp
         texture.cpp
       Link:
         C:\Program Files (x86)\Microsoft Visual Studio 14.0\VC\bin\link.exe /ERRORREPORT:PROMPT /OUT:"C:\Users\ibeling\Dropbox\current-cs175\asst\asst6_5_material\solution\Release\asst6_5.exe" /INCREMENTAL:NO /NOLOGO glew32.lib kernel32.lib user32.lib gdi32.lib winspool.lib comdlg32.lib advapi32.lib shell32.lib ole32.lib oleaut32.lib uuid.lib odbc32.lib odbccp32.lib /MANIFEST /MANIFESTUAC:"level='asInvoker' uiAccess='false'" /manifest:embed /Debug /PDB:"C:\Users\ibeling\Dropbox\current-cs175\asst\asst6_5_material\solution\Release\asst6_5.pdb" /SUBSYSTEM:CONSOLE /OPT:REF /OPT:ICF /LTCG:incremental /TLBID:1 /DYNAMICBASE /NXCOMPAT /IMPLIB:"C:\Users\ibeling\Dropbox\current-cs175\asst\asst6_5_material\solution\Release\asst6_5.lib" /MACHINE:X86 /SAFESEH Release\asst6_5.obj
         Release\geometry.obj
         Release\glsupport.obj
         Release\material.obj
         Release\picker.obj
         Release\ppm.obj
         Release\renderstates.obj
         Release\scenegraph.obj
         Release\texture.obj
         Generating code
         All 3556 functions were compiled because no usable IPDB/IOBJ from previous compilation was found.
         Finished generating code
         asst6_5.vcxproj -> C:\Users\ibeling\Dropbox\current-cs175\asst\asst6_5_material\solution\Release\asst6_5.exe
     1>Done Building Project "C:\Users\ibeling\Dropbox\current-cs175\asst\asst6_5_material\solution\asst6_5.vcxproj" (Rebuild target(s)).

Build succeeded.

Time Elapsed 00:00:11.85
